def->(-1, -1)
id->(1, 0)
:->(-1, -1)
Number->(-1, -1)
=->(-1, -1)
;->(-1, -1)
def->(-1, -1)
:->(-1, -1)
Number->(-1, -1)
=->(-1, -1)
const->(7, 0)
;->(-1, -1)
def->(-1, -1)
id->(3, 0)
:->(-1, -1)
Number->(-1, -1)
=->(-1, -1)
const->(4, 0)
;->(-1, -1)
def->(-1, -1)
id->(6, 0)
:->(-1, -1)
Number->(-1, -1)
=->(-1, -1)
id->(1, 0)
;->(-1, -1)
if->(-1, -1)
id->(6, 0)
>->(-1, -1)
id->(2, 0)
:->(-1, -1)
id->(6, 0)
=->(-1, -1)
id->(2, 0)
;->(-1, -1)
if->(-1, -1)
id->(6, 0)
>->(-1, -1)
id->(3, 0)
id->(6, 0)
=->(-1, -1)
id->(3, 0)
;->(-1, -1)
id->(2, 1)
(->(-1, -1)
id->(6, 0)
)->(-1, -1)
;->(-1, -1)
